index.ned
inet-doc.ned
ipv6-index.ned
mpls-doc.ned
Applications/Ethernet/EtherAppCli.ned
Applications/Ethernet/EtherAppSrv.ned
Applications/Generic/IPTrafficGenerator.ned
Applications/Generic/IPTrafGen.ned
Applications/Ping6/Ping6App.ned
Applications/PingApp/PingApp.ned
Applications/TCPApp/TCPApp.ned
Applications/TCPApp/TCPBasicClientApp.ned
Applications/TCPApp/TCPEchoApp.ned
Applications/TCPApp/TCPGenericSrvApp.ned
Applications/TCPApp/TCPSessionApp.ned
Applications/TCPApp/TCPSinkApp.ned
Applications/TCPApp/TCPSrvHostApp.ned
Applications/TCPApp/TelnetApp.ned
Applications/UDPApp/UDPApp.ned
Base/Blackboard.ned
Base/Join.ned
Base/Nop.ned
Base/Sink.ned










































Network/AutoRouting/FlatNetworkConfigurator.ned
Network/IPv4/ICMP.ned
Network/IPv4/IGMP.ned
Network/IPv4/IP.ned
Network/IPv4/RoutingTable.ned
Network/IPv4d/ErrorHandling.ned
Network/IPv4d/IPFragmentation.ned
Network/IPv4d/IPInputQueue.ned
Network/IPv4d/IPLocalDeliver.ned
Network/IPv4d/IPMulticast.ned
Network/IPv4d/IPOutput.ned
Network/IPv4d/IPPreRouting.ned
Network/IPv4d/IPProcessing.ned
Network/IPv4d/IPRouting.ned
Network/IPv4d/IPSend.ned
Network/IPv4d/IPTunneling.ned
Network/IPv6/AddressResolution.ned
Network/IPv6/ErrorHandling6.ned
Network/IPv6/ICMPv6.ned
Network/IPv6/IPv6Encapsulation.ned
Network/IPv6/IPv6Forward.ned
Network/IPv6/IPv6Fragmentation.ned
Network/IPv6/IPv6LocalDeliver.ned
Network/IPv6/IPv6Mobility.ned
Network/IPv6/IPv6Multicast.ned
Network/IPv6/IPv6Output.ned
Network/IPv6/IPv6PreRouting.ned
Network/IPv6/IPv6Processing.ned
Network/IPv6/IPv6Send.ned
Network/IPv6/RoutingTable6.ned
Network/LDP/NewLDP.ned
Network/MPLS/LIBTable.ned
Network/MPLS/MPLSModule.ned
Network/RSVP_TE/OspfTe.ned
Network/RSVP_TE/RSVP.ned
Network/RSVP_TE/RSVPAppl.ned
Network/RSVP_TE/TED.ned
Network/Scenario/NewBWRequestTester.ned
Network/Scenario/NewRouteTester.ned
Network/Scenario/Scenario.ned
NetworkInterfaces/LinkLayer6.ned
NetworkInterfaces/NetworkInterface.ned
NetworkInterfaces/NetworkInterface6.ned
NetworkInterfaces/ARP/ARP.ned
NetworkInterfaces/Ethernet/eth-index.ned
NetworkInterfaces/Ethernet/EtherBus.ned
NetworkInterfaces/Ethernet/EtherEncap.ned
NetworkInterfaces/Ethernet/EtherHub.ned
NetworkInterfaces/Ethernet/EtherLLC.ned
NetworkInterfaces/Ethernet/EtherMAC.ned
NetworkInterfaces/Ethernet/EthernetInterface.ned
NetworkInterfaces/Ethernet/EtherSwitch.ned
NetworkInterfaces/Ethernet/MACRelayUnit.ned
NetworkInterfaces/Ethernet/MACRelayUnitNP.ned
NetworkInterfaces/Ethernet/MACRelayUnitPP.ned
NetworkInterfaces/Ethernet6/EtherModuleAP.ned
NetworkInterfaces/Ethernet6/EtherRelayUnit.ned
NetworkInterfaces/PPP/PPPInterface.ned
NetworkInterfaces/Wireless/WirelessEtherBridge.ned
Nodes/INET/BurstHost.ned
Nodes/INET/NetworkLayer.ned
Nodes/INET/Router.ned
Nodes/INET/StandardHost.ned
Nodes/IPv6/Cables.ned
Nodes/IPv6/DualIntMobileNode.ned
Nodes/IPv6/EtherBridge.ned
Nodes/IPv6/EtherHub.ned
Nodes/IPv6/NetworkLayer6.ned
Nodes/IPv6/Router6.ned
Nodes/IPv6/TCPNode.ned
Nodes/IPv6/TCPSvrNode.ned
Nodes/IPv6/UDPNode.ned
Nodes/IPv6/WirelessAccessPoint.ned
Nodes/IPv6/WirelessMobileNode.ned
Nodes/MPLS/LDP_LSR.ned
Nodes/MPLS/RSVP_LSR.ned
PHY/Mobility/MobilityManager.ned
PHY/Wireless/PhysicalLayer.ned
PHY/Wireless/PHYSimple.ned





Transport/RTP/RTCPModule.ned
Transport/RTP/RTPApplication.ned
Transport/RTP/RTPHost.ned
Transport/RTP/RTPLayer.ned
Transport/RTP/RTPModule.ned
Transport/RTP/RTPPayloadReceiver.ned
Transport/RTP/RTPPayloadSender.ned
Transport/RTP/RTPProfile.ned
Transport/TCP/TCPDump.ned
Transport/TCP/TCPMain.ned
Transport/UDP/UDPProcessing.ned
Transport/UDP6/UDPApplication.ned
Transport/UDP6/UDPProcessing6.ned
Util/Topology/ClosedQueueingNetwork.ned
Util/Topology/DynamicTopology.ned
Util/Topology/DynamicTopologyBuilder.ned
World/WorldProcessor.ned
